Started GET "/" for ::1 at 2025-01-07 16:23:43 +0700
  [1m[35m (2.2ms)[0m  [1m[34mSELECT sqlite_version(*)[0m
Processing by Rails::WelcomeController#index as HTML
  Rendering /Users/ravichasuksawasdinaayuthaya/.rbenv/versions/3.2.0/lib/ruby/gems/3.2.0/gems/railties-6.1.7.10/lib/rails/templates/rails/welcome/index.html.erb
  Rendered /Users/ravichasuksawasdinaayuthaya/.rbenv/versions/3.2.0/lib/ruby/gems/3.2.0/gems/railties-6.1.7.10/lib/rails/templates/rails/welcome/index.html.erb (Duration: 9.0ms | Allocations: 586)
Completed 200 OK in 23ms (Views: 17.0ms | ActiveRecord: 0.0ms | Allocations: 4483)


  [1m[35m (0.7ms)[0m  [1m[34mSELECT sqlite_version(*)[0m
  [1m[35m (0.9ms)[0m  [1m[35mCREATE TABLE "schema_migrations" ("version" varchar NOT NULL PRIMARY KEY)[0m
  [1m[35m (0.6ms)[0m  [1m[35mCREATE TABLE "ar_internal_metadata" ("key" varchar NOT NULL PRIMARY KEY, "value" varchar, "created_at" datetime(6) NOT NULL, "updated_at" datetime(6) NOT NULL)[0m
  [1m[35m (0.1ms)[0m  [1m[34mSELECT "schema_migrations"."version" FROM "schema_migrations" ORDER BY "schema_migrations"."version" ASC[0m
Migrating to CreateJobs (20250107092434)
  [1m[36mTRANSACTION (0.1ms)[0m  [1m[36mbegin transaction[0m
  [1m[35m (0.4ms)[0m  [1m[35mCREATE TABLE "jobs" ("id" integer PRIMARY KEY AUTOINCREMENT NOT NULL, "url" varchar, "employer_name" varchar, "employer_description" varchar, "job_title" varchar, "job_description" varchar, "year_of_exp" integer, "education" varchar, "industry" varchar, "salary" integer, "employment_type" integer, "created_at" datetime(6) NOT NULL, "updated_at" datetime(6) NOT NULL)[0m
  [1m[36mActiveRecord::SchemaMigration Create (0.1ms)[0m  [1m[32mINSERT INTO "schema_migrations" ("version") VALUES (?)[0m  [["version", "20250107092434"]]
  [1m[36mTRANSACTION (0.7ms)[0m  [1m[36mcommit transaction[0m
  [1m[36mActiveRecord::InternalMetadata Load (0.1ms)[0m  [1m[34mSELECT "ar_internal_metadata".* FROM "ar_internal_metadata" WHERE "ar_internal_metadata"."key" = ? LIMIT ?[0m  [["key", "environment"], ["LIMIT", 1]]
  [1m[36mTRANSACTION (0.0ms)[0m  [1m[36mbegin transaction[0m
  [1m[36mActiveRecord::InternalMetadata Create (0.4ms)[0m  [1m[32mINSERT INTO "ar_internal_metadata" ("key", "value", "created_at", "updated_at") VALUES (?, ?, ?, ?)[0m  [["key", "environment"], ["value", "development"], ["created_at", "2025-01-07 09:31:12.694505"], ["updated_at", "2025-01-07 09:31:12.694505"]]
  [1m[36mTRANSACTION (0.5ms)[0m  [1m[36mcommit transaction[0m
  [1m[35m (0.0ms)[0m  [1m[34mSELECT sqlite_version(*)[0m
  [1m[35m (0.1ms)[0m  [1m[34mSELECT "schema_migrations"."version" FROM "schema_migrations" ORDER BY "schema_migrations"."version" ASC[0m
  [1m[35m (1.1ms)[0m  [1m[34mSELECT sqlite_version(*)[0m
  [1m[36mTRANSACTION (0.1ms)[0m  [1m[36mbegin transaction[0m
  [1m[36mJob Create (0.7ms)[0m  [1m[32mINSERT INTO "jobs" ("created_at", "updated_at") VALUES (?, ?)[0m  [["created_at", "2025-01-08 06:32:59.248051"], ["updated_at", "2025-01-08 06:32:59.248051"]]
  [1m[36mTRANSACTION (0.5ms)[0m  [1m[36mcommit transaction[0m
  [1m[36mJob Load (0.5ms)[0m  [1m[34mSELECT "jobs".* FROM "jobs"[0m
Started POST "/job" for ::1 at 2025-01-08 13:37:12 +0700
  [1m[35m (0.3ms)[0m  [1m[34mSELECT sqlite_version(*)[0m
  [1m[35m (0.3ms)[0m  [1m[34mSELECT "schema_migrations"."version" FROM "schema_migrations" ORDER BY "schema_migrations"."version" ASC[0m
  
ActionController::RoutingError (No route matches [POST] "/job"):
  
Started POST "/jobs" for ::1 at 2025-01-08 13:37:27 +0700
  
ActionController::RoutingError (No route matches [POST] "/jobs"):
  
Started POST "/job" for ::1 at 2025-01-08 13:37:32 +0700
  
ActionController::RoutingError (No route matches [POST] "/job"):
  
Started POST "/job" for ::1 at 2025-01-08 13:38:34 +0700
  
AbstractController::ActionNotFound (The action 'create' could not be found for JobController):
  
actionpack (6.1.7.10) lib/abstract_controller/base.rb:160:in `process'
actionview (6.1.7.10) lib/action_view/rendering.rb:39:in `process'
actionpack (6.1.7.10) lib/action_controller/metal.rb:190:in `dispatch'
actionpack (6.1.7.10) lib/action_controller/metal.rb:254:in `dispatch'
actionpack (6.1.7.10) lib/action_dispatch/routing/route_set.rb:50:in `dispatch'
actionpack (6.1.7.10) lib/action_dispatch/routing/route_set.rb:33:in `serve'
actionpack (6.1.7.10) lib/action_dispatch/journey/router.rb:50:in `block in serve'
actionpack (6.1.7.10) lib/action_dispatch/journey/router.rb:32:in `each'
actionpack (6.1.7.10) lib/action_dispatch/journey/router.rb:32:in `serve'
actionpack (6.1.7.10) lib/action_dispatch/routing/route_set.rb:842:in `call'
rack (2.2.10) lib/rack/tempfile_reaper.rb:15:in `call'
rack (2.2.10) lib/rack/etag.rb:27:in `call'
rack (2.2.10) lib/rack/conditional_get.rb:40:in `call'
rack (2.2.10) lib/rack/head.rb:12:in `call'
actionpack (6.1.7.10) lib/action_dispatch/http/permissions_policy.rb:22:in `call'
actionpack (6.1.7.10) lib/action_dispatch/http/content_security_policy.rb:19:in `call'
rack (2.2.10) lib/rack/session/abstract/id.rb:266:in `context'
rack (2.2.10) lib/rack/session/abstract/id.rb:260:in `call'
actionpack (6.1.7.10) lib/action_dispatch/middleware/cookies.rb:697:in `call'
activerecord (6.1.7.10) lib/active_record/migration.rb:601:in `call'
actionpack (6.1.7.10) lib/action_dispatch/middleware/callbacks.rb:27:in `block in call'
activesupport (6.1.7.10) lib/active_support/callbacks.rb:98:in `run_callbacks'
actionpack (6.1.7.10) lib/action_dispatch/middleware/callbacks.rb:26:in `call'
actionpack (6.1.7.10) lib/action_dispatch/middleware/executor.rb:14:in `call'
actionpack (6.1.7.10) lib/action_dispatch/middleware/actionable_exceptions.rb:18:in `call'
actionpack (6.1.7.10) lib/action_dispatch/middleware/debug_exceptions.rb:29:in `call'
web-console (4.2.1) lib/web_console/middleware.rb:132:in `call_app'
web-console (4.2.1) lib/web_console/middleware.rb:28:in `block in call'
web-console (4.2.1) lib/web_console/middleware.rb:17:in `catch'
web-console (4.2.1) lib/web_console/middleware.rb:17:in `call'
actionpack (6.1.7.10) lib/action_dispatch/middleware/show_exceptions.rb:33:in `call'
railties (6.1.7.10) lib/rails/rack/logger.rb:37:in `call_app'
railties (6.1.7.10) lib/rails/rack/logger.rb:26:in `block in call'
activesupport (6.1.7.10) lib/active_support/tagged_logging.rb:99:in `block in tagged'
activesupport (6.1.7.10) lib/active_support/tagged_logging.rb:37:in `tagged'
activesupport (6.1.7.10) lib/active_support/tagged_logging.rb:99:in `tagged'
railties (6.1.7.10) lib/rails/rack/logger.rb:26:in `call'
sprockets-rails (3.5.2) lib/sprockets/rails/quiet_assets.rb:17:in `call'
actionpack (6.1.7.10) lib/action_dispatch/middleware/remote_ip.rb:81:in `call'
actionpack (6.1.7.10) lib/action_dispatch/middleware/request_id.rb:26:in `call'
rack (2.2.10) lib/rack/method_override.rb:24:in `call'
rack (2.2.10) lib/rack/runtime.rb:22:in `call'
activesupport (6.1.7.10) lib/active_support/cache/strategy/local_cache_middleware.rb:29:in `call'
actionpack (6.1.7.10) lib/action_dispatch/middleware/executor.rb:14:in `call'
actionpack (6.1.7.10) lib/action_dispatch/middleware/static.rb:24:in `call'
rack (2.2.10) lib/rack/sendfile.rb:110:in `call'
actionpack (6.1.7.10) lib/action_dispatch/middleware/host_authorization.rb:148:in `call'
rack-mini-profiler (2.3.4) lib/mini_profiler/profiler.rb:393:in `call'
railties (6.1.7.10) lib/rails/engine.rb:539:in `call'
puma (5.6.9) lib/puma/configuration.rb:252:in `call'
puma (5.6.9) lib/puma/request.rb:77:in `block in handle_request'
puma (5.6.9) lib/puma/thread_pool.rb:340:in `with_force_shutdown'
puma (5.6.9) lib/puma/request.rb:76:in `handle_request'
puma (5.6.9) lib/puma/server.rb:443:in `process_client'
puma (5.6.9) lib/puma/thread_pool.rb:147:in `block in spawn_thread'
Started POST "/job" for ::1 at 2025-01-08 13:39:06 +0700
Processing by JobController#create as */*
  Parameters: {"contents"=>"Hello World"}
Can't verify CSRF token authenticity.
No template found for JobController#create, rendering head :no_content
Completed 204 No Content in 4ms (Allocations: 2623)


Started POST "/job" for ::1 at 2025-01-08 13:39:33 +0700
Processing by JobController#create as */*
  Parameters: {"contents"=>"Hello World"}
Can't verify CSRF token authenticity.
Completed 200 OK in 1ms (Views: 0.4ms | Allocations: 369)


Started POST "/job" for ::1 at 2025-01-08 13:42:00 +0700
Processing by JobController#create as */*
  Parameters: {"employer_name"=>"foo"}
Can't verify CSRF token authenticity.
  [1m[35m (0.0ms)[0m  [1m[34mSELECT sqlite_version(*)[0m
  ↳ app/controllers/job_controller.rb:5:in `create'
  [1m[36mTRANSACTION (0.1ms)[0m  [1m[36mbegin transaction[0m
  ↳ app/controllers/job_controller.rb:5:in `create'
  [1m[36mJob Create (1.3ms)[0m  [1m[32mINSERT INTO "jobs" ("employer_name", "created_at", "updated_at") VALUES (?, ?, ?)[0m  [["employer_name", "foo"], ["created_at", "2025-01-08 06:42:00.672637"], ["updated_at", "2025-01-08 06:42:00.672637"]]
  ↳ app/controllers/job_controller.rb:5:in `create'
  [1m[36mTRANSACTION (0.5ms)[0m  [1m[36mcommit transaction[0m
  ↳ app/controllers/job_controller.rb:5:in `create'
Completed 200 OK in 18ms (Views: 0.3ms | ActiveRecord: 2.5ms | Allocations: 11514)


Started POST "/job" for ::1 at 2025-01-08 13:43:40 +0700
Processing by JobController#create as */*
  Parameters: {"url"=>" https://foo.com", "employer_name"=>"foo", "employer_description"=>"lorem ipsum", "job_title"=>"teacher", "year_of_exp"=>"1", "education"=>" primary school"}
Can't verify CSRF token authenticity.
  [1m[36mTRANSACTION (0.1ms)[0m  [1m[36mbegin transaction[0m
  ↳ app/controllers/job_controller.rb:5:in `create'
  [1m[36mJob Create (0.8ms)[0m  [1m[32mINSERT INTO "jobs" ("employer_name", "created_at", "updated_at") VALUES (?, ?, ?)[0m  [["employer_name", "foo"], ["created_at", "2025-01-08 06:43:40.019069"], ["updated_at", "2025-01-08 06:43:40.019069"]]
  ↳ app/controllers/job_controller.rb:5:in `create'
  [1m[36mTRANSACTION (1.5ms)[0m  [1m[36mcommit transaction[0m
  ↳ app/controllers/job_controller.rb:5:in `create'
Completed 200 OK in 18ms (Views: 0.2ms | ActiveRecord: 2.4ms | Allocations: 2520)


Started POST "/job" for ::1 at 2025-01-08 13:44:01 +0700
Processing by JobController#create as */*
  Parameters: {"url"=>" https://foo.com", "employer_name"=>"bar", "employer_description"=>"lorem ipsum", "job_title"=>"teacher", "year_of_exp"=>"1", "education"=>" primary school"}
Can't verify CSRF token authenticity.
  [1m[36mTRANSACTION (0.1ms)[0m  [1m[36mbegin transaction[0m
  ↳ app/controllers/job_controller.rb:5:in `create'
  [1m[36mJob Create (0.7ms)[0m  [1m[32mINSERT INTO "jobs" ("employer_name", "created_at", "updated_at") VALUES (?, ?, ?)[0m  [["employer_name", "bar"], ["created_at", "2025-01-08 06:44:01.985138"], ["updated_at", "2025-01-08 06:44:01.985138"]]
  ↳ app/controllers/job_controller.rb:5:in `create'
  [1m[36mTRANSACTION (1.1ms)[0m  [1m[36mcommit transaction[0m
  ↳ app/controllers/job_controller.rb:5:in `create'
Completed 200 OK in 9ms (Views: 0.4ms | ActiveRecord: 1.9ms | Allocations: 2514)


Started POST "/job" for ::1 at 2025-01-08 13:48:30 +0700
Processing by JobController#create as */*
  Parameters: {"url"=>" https://foo.com", "employer_name"=>"bar", "employer_description"=>"lorem ipsum", "job_title"=>"teacher", "year_of_exp"=>"1", "education"=>" primary school"}
Can't verify CSRF token authenticity.
  [1m[35m (0.0ms)[0m  [1m[34mSELECT sqlite_version(*)[0m
  ↳ app/controllers/job_controller.rb:6:in `create'
  [1m[36mTRANSACTION (0.0ms)[0m  [1m[36mbegin transaction[0m
  ↳ app/controllers/job_controller.rb:6:in `create'
  [1m[36mJob Create (0.5ms)[0m  [1m[32mINSERT INTO "jobs" ("url", "employer_name", "employer_description", "job_title", "year_of_exp", "education", "created_at", "updated_at") VALUES (?, ?, ?, ?, ?, ?, ?, ?)[0m  [["url", " https://foo.com"], ["employer_name", "bar"], ["employer_description", "lorem ipsum"], ["job_title", "teacher"], ["year_of_exp", 1], ["education", " primary school"], ["created_at", "2025-01-08 06:48:30.881665"], ["updated_at", "2025-01-08 06:48:30.881665"]]
  ↳ app/controllers/job_controller.rb:6:in `create'
  [1m[36mTRANSACTION (0.4ms)[0m  [1m[36mcommit transaction[0m
  ↳ app/controllers/job_controller.rb:6:in `create'
Completed 201 Created in 15ms (Views: 0.3ms | ActiveRecord: 1.5ms | Allocations: 10144)


Started GET "/job" for ::1 at 2025-01-08 13:51:12 +0700
Processing by JobController#index as */*
  Parameters: {"url"=>" https://foo.com", "employer_name"=>"bar", "employer_description"=>"lorem ipsum", "job_title"=>"teacher", "year_of_exp"=>"1", "education"=>" primary school"}
Completed 500 Internal Server Error in 5ms (Allocations: 1773)


  
ActionView::MissingTemplate (Missing template job/index with {:locale=>[:en], :formats=>[:html, :text, :js, :css, :ics, :csv, :vcf, :vtt, :png, :jpeg, :gif, :bmp, :tiff, :svg, :mpeg, :mp3, :ogg, :m4a, :webm, :mp4, :otf, :ttf, :woff, :woff2, :xml, :rss, :atom, :yaml, :multipart_form, :url_encoded_form, :json, :pdf, :zip, :gzip], :variants=>[], :handlers=>[:raw, :erb, :html, :builder, :ruby, :jbuilder]}. Searched in:
  * "/Users/ravichasuksawasdinaayuthaya/Fullstack Practice/Altcademy/back/rails_app_quiz/app/views"
  * "/Users/ravichasuksawasdinaayuthaya/.rbenv/versions/3.2.0/lib/ruby/gems/3.2.0/gems/actiontext-6.1.7.10/app/views"
  * "/Users/ravichasuksawasdinaayuthaya/.rbenv/versions/3.2.0/lib/ruby/gems/3.2.0/gems/actionmailbox-6.1.7.10/app/views"
):
  
app/controllers/job_controller.rb:5:in `index'
Started GET "/job" for ::1 at 2025-01-08 13:53:28 +0700
Processing by JobController#index as */*
  Parameters: {"url"=>" https://foo.com", "employer_name"=>"bar", "employer_description"=>"lorem ipsum", "job_title"=>"teacher", "year_of_exp"=>"1", "education"=>" primary school"}
  [1m[35m (0.0ms)[0m  [1m[34mSELECT sqlite_version(*)[0m
  ↳ app/controllers/job_controller.rb:5:in `index'
  [1m[36mJob Load (0.6ms)[0m  [1m[34mSELECT "jobs".* FROM "jobs"[0m
  ↳ app/controllers/job_controller.rb:5:in `index'
Completed 200 OK in 29ms (Views: 27.1ms | ActiveRecord: 3.8ms | Allocations: 9269)


Started GET "/job" for ::1 at 2025-01-08 14:34:26 +0700
Processing by JobController#index as */*
  Parameters: {"url"=>" https://foo.com", "employer_name"=>"bar", "employer_description"=>"lorem ipsum", "job_title"=>"police", "year_of_exp"=>"1", "education"=>" primary school", "employment_type"=>"0"}
  [1m[35m (0.1ms)[0m  [1m[34mSELECT sqlite_version(*)[0m
  ↳ app/controllers/job_controller.rb:5:in `index'
  [1m[36mJob Load (0.5ms)[0m  [1m[34mSELECT "jobs".* FROM "jobs"[0m
  ↳ app/controllers/job_controller.rb:5:in `index'
Completed 200 OK in 10ms (Views: 8.0ms | ActiveRecord: 0.9ms | Allocations: 2505)


Started POST "/job" for ::1 at 2025-01-08 14:34:32 +0700
Processing by JobController#create as */*
  Parameters: {"url"=>" https://foo.com", "employer_name"=>"bar", "employer_description"=>"lorem ipsum", "job_title"=>"police", "year_of_exp"=>"1", "education"=>" primary school", "employment_type"=>"0"}
Can't verify CSRF token authenticity.
  [1m[36mTRANSACTION (0.1ms)[0m  [1m[36mbegin transaction[0m
  ↳ app/controllers/job_controller.rb:9:in `create'
  [1m[36mJob Create (1.1ms)[0m  [1m[32mINSERT INTO "jobs" ("url", "employer_name", "employer_description", "job_title", "year_of_exp", "education", "employment_type", "created_at", "updated_at") VALUES (?, ?, ?, ?, ?, ?, ?, ?, ?)[0m  [["url", " https://foo.com"], ["employer_name", "bar"], ["employer_description", "lorem ipsum"], ["job_title", "police"], ["year_of_exp", 1], ["education", " primary school"], ["employment_type", 0], ["created_at", "2025-01-08 07:34:32.958787"], ["updated_at", "2025-01-08 07:34:32.958787"]]
  ↳ app/controllers/job_controller.rb:9:in `create'
  [1m[36mTRANSACTION (1.1ms)[0m  [1m[36mcommit transaction[0m
  ↳ app/controllers/job_controller.rb:9:in `create'
Completed 201 Created in 11ms (Views: 0.4ms | ActiveRecord: 2.3ms | Allocations: 2812)


  [1m[35m (1.0ms)[0m  [1m[34mSELECT sqlite_version(*)[0m
  [1m[36mJob Load (0.2ms)[0m  [1m[34mSELECT "jobs".* FROM "jobs" WHERE "jobs"."id" = ? LIMIT ?[0m  [["id", nil], ["LIMIT", 1]]
Started GET "/job/:id?employment_type=1" for ::1 at 2025-01-08 14:50:36 +0700
  [1m[35m (0.5ms)[0m  [1m[34mSELECT sqlite_version(*)[0m
  [1m[35m (0.1ms)[0m  [1m[34mSELECT "schema_migrations"."version" FROM "schema_migrations" ORDER BY "schema_migrations"."version" ASC[0m
Processing by JobController#type as */*
  Parameters: {"url"=>" https://foo.com", "employer_name"=>"bar", "employer_description"=>"lorem ipsum", "job_title"=>"police", "year_of_exp"=>"1", "education"=>" primary school", "employment_type"=>"1", "id"=>":id"}
  [1m[36mJob Load (0.2ms)[0m  [1m[34mSELECT "jobs".* FROM "jobs" WHERE "jobs"."employment_type" = ?[0m  [["employment_type", 1]]
  ↳ app/controllers/job_controller.rb:22:in `type'
Completed 200 OK in 6ms (Views: 1.8ms | ActiveRecord: 0.4ms | Allocations: 3744)


Started GET "/job/:id?employment_type=0" for ::1 at 2025-01-08 14:50:46 +0700
Processing by JobController#type as */*
  Parameters: {"url"=>" https://foo.com", "employer_name"=>"bar", "employer_description"=>"lorem ipsum", "job_title"=>"police", "year_of_exp"=>"1", "education"=>" primary school", "employment_type"=>"0", "id"=>":id"}
  [1m[36mJob Load (0.2ms)[0m  [1m[34mSELECT "jobs".* FROM "jobs" WHERE "jobs"."employment_type" = ?[0m  [["employment_type", 0]]
  ↳ app/controllers/job_controller.rb:22:in `type'
Completed 200 OK in 20ms (Views: 19.0ms | ActiveRecord: 0.6ms | Allocations: 7427)


Started GET "/job/:id?employment_type=2" for ::1 at 2025-01-08 14:50:52 +0700
Processing by JobController#type as */*
  Parameters: {"url"=>" https://foo.com", "employer_name"=>"bar", "employer_description"=>"lorem ipsum", "job_title"=>"police", "year_of_exp"=>"1", "education"=>" primary school", "employment_type"=>"2", "id"=>":id"}
  [1m[36mJob Load (0.1ms)[0m  [1m[34mSELECT "jobs".* FROM "jobs" WHERE "jobs"."employment_type" = ?[0m  [["employment_type", 2]]
  ↳ app/controllers/job_controller.rb:22:in `type'
Completed 200 OK in 3ms (Views: 2.3ms | ActiveRecord: 0.1ms | Allocations: 920)


Started GET "/job/:id?employment_type=0" for ::1 at 2025-01-08 14:50:59 +0700
Processing by JobController#type as */*
  Parameters: {"url"=>" https://foo.com", "employer_name"=>"bar", "employer_description"=>"lorem ipsum", "job_title"=>"police", "year_of_exp"=>"1", "education"=>" primary school", "employment_type"=>"0", "id"=>":id"}
  [1m[36mJob Load (0.2ms)[0m  [1m[34mSELECT "jobs".* FROM "jobs" WHERE "jobs"."employment_type" = ?[0m  [["employment_type", 0]]
  ↳ app/controllers/job_controller.rb:22:in `type'
Completed 200 OK in 4ms (Views: 2.9ms | ActiveRecord: 0.2ms | Allocations: 1094)


  [1m[35m (1.2ms)[0m  [1m[34mSELECT sqlite_version(*)[0m
  [1m[36mJob Load (0.4ms)[0m  [1m[34mSELECT "jobs".* FROM "jobs"[0m
